<?xml version="1.0" encoding="UTF-8"?>
<!-- Generated by org.testng.reporters.JUnitReportReporter -->
<testsuite skipped="0" hostname="LAPTOP-NG2644BP" name="test.ReadPropFile" tests="1" failures="0" timestamp="2020-08-11T22:25:15 EDT" time="2.678" errors="0">
  <testcase name="multipleElementCheck" time="2.678" classname="test.ReadPropFile"/>
  <system-out/>
</testsuite> <!-- test.ReadPropFile -->
