<?xml version="1.0" encoding="UTF-8"?>
<!-- Generated by org.testng.reporters.JUnitReportReporter -->
<testsuite skipped="0" hostname="LAPTOP-NG2644BP" name="test.TestClass" tests="1" failures="0" timestamp="2020-07-28T22:37:43 EDT" time="10.520" errors="0">
  <testcase name="testing1" time="10.520" classname="test.TestClass"/>
  <system-out/>
</testsuite> <!-- test.TestClass -->
