<?xml version="1.0" encoding="UTF-8"?>
<!-- Generated by org.testng.reporters.JUnitReportReporter -->
<testsuite skipped="0" hostname="LAPTOP-NG2644BP" name="test.HomePageTest" tests="1" failures="0" timestamp="2020-08-03T22:33:35 EDT" time="15.893" errors="0">
  <testcase name="contactUsDropdown" time="15.893" classname="test.HomePageTest"/>
  <system-out/>
</testsuite> <!-- test.HomePageTest -->
