<?xml version="1.0" encoding="UTF-8"?>
<!-- Generated by org.testng.reporters.JUnitReportReporter -->
<testsuite skipped="0" hostname="LAPTOP-NG2644BP" name="test.TestClass" tests="1" failures="0" timestamp="2020-08-05T22:32:07 EDT" time="9.719" errors="0">
  <testcase name="testing1" time="9.719" classname="test.TestClass"/>
  <system-out/>
</testsuite> <!-- test.TestClass -->
