<?xml version="1.0" encoding="UTF-8"?>
<!-- Generated by org.testng.reporters.JUnitReportReporter -->
<testsuite skipped="0" hostname="LAPTOP-NG2644BP" name="test.TestClass" tests="1" failures="0" timestamp="2020-07-27T21:40:13 EDT" time="9.914" errors="0">
  <testcase name="testing1" time="9.914" classname="test.TestClass"/>
  <system-out/>
</testsuite> <!-- test.TestClass -->
