<?xml version="1.0" encoding="UTF-8"?>
<!-- Generated by org.testng.reporters.JUnitReportReporter -->
<testsuite skipped="0" hostname="LAPTOP-NG2644BP" name="cucumberRunner.RunnerCucumber" tests="2" failures="0" timestamp="2020-08-10T21:56:58 EDT" time="8.747" errors="0">
  <testcase name="runScenario" time="7.805" classname="cucumberRunner.RunnerCucumber"/>
  <system-out/>
  <testcase name="runScenario" time="0.942" classname="cucumberRunner.RunnerCucumber"/>
  <system-out/>
</testsuite> <!-- cucumberRunner.RunnerCucumber -->
